#
# A fatal error has been detected by the Java Runtime Environment:
#
#  EXCEPTION_ACCESS_VIOLATION (0xc0000005) at pc=0x57b6b02d, pid=9836, tid=8472
#
# JRE version: Java(TM) SE Runtime Environment (8.0_91-b14) (build 1.8.0_91-b14)
# Java VM: Java HotSpot(TM) Client VM (25.91-b14 mixed mode windows-x86 )
# Problematic frame:
# V  [jvm.dll+0xcb02d]
#
# Failed to write core dump. Minidumps are not enabled by default on client versions of Windows
#
# If you would like to submit a bug report, please visit:
#   http://bugreport.java.com/bugreport/crash.jsp
#

---------------  T H R E A D  ---------------

Current thread (0x15492400):  JavaThread "JDWP Transport Listener: dt_socket" daemon [_thread_in_vm, id=8472, stack(0x15900000,0x15950000)]

siginfo: ExceptionCode=0xc0000005, reading address 0x67003b00

Registers:
EAX=0x67003b00, EBX=0x00000000, ECX=0x67003b00, EDX=0x00000000
ESP=0x1594f958, EBP=0x1594f95c, ESI=0x15492400, EDI=0x02f97618
EIP=0x57b6b02d, EFLAGS=0x00010206

Top of Stack: (sp=0x1594f958)
0x1594f958:   15492400 1594f984 57cc8894 67003b00
0x1594f968:   1594fa3c 1594f9bf 15492400 00000000
0x1594f978:   00000000 00000000 15492400 1594f9c0
0x1594f988:   71499f80 02f97618 67003b00 1594f9bf
0x1594f998:   67003b00 7148436d 67003b00 1594f9bf
0x1594f9a8:   00000011 00000000 00000000 0000000a
0x1594f9b8:   00000000 004903b4 1594f9e0 714844e0
0x1594f9c8:   00000001 1594f9fc 1594fa38 15589988 

Instructions: (pc=0x57b6b02d)
0x57b6b00d:   5d c3 52 e8 5b f9 ff ff 5d c3 cc cc cc cc cc cc
0x57b6b01d:   cc cc cc 55 8b ec 8b 45 08 85 c0 75 02 5d c3 56
0x57b6b02d:   8b 30 85 f6 74 17 83 fe 37 74 12 8b 06 8b 50 08
0x57b6b03d:   8b ce ff d2 84 c0 74 05 8b c6 5e 5d c3 33 c0 5e 


Register to memory mapping:

EAX=0x67003b00 is an unknown value
EBX=0x00000000 is an unknown value
ECX=0x67003b00 is an unknown value
EDX=0x00000000 is an unknown value
ESP=0x1594f958 is pointing into the stack for thread: 0x15492400
EBP=0x1594f95c is pointing into the stack for thread: 0x15492400
ESI=0x15492400 is a thread
EDI=0x02f97618 is an unknown value


Stack: [0x15900000,0x15950000],  sp=0x1594f958,  free space=318k
Native frames: (J=compiled Java code, j=interpreted, Vv=VM code, C=native code)
V  [jvm.dll+0xcb02d]
V  [jvm.dll+0x228894]
C  [jdwp.dll+0x19f80]
C  [jdwp.dll+0x44e0]
C  [jdwp.dll+0x451e]
C  0x15080000


---------------  P R O C E S S  ---------------

Java Threads: ( => current thread )
  0x154c6000 JavaThread "Service Thread" daemon [_thread_blocked, id=11772, stack(0x15ea0000,0x15ef0000)]
  0x154a0c00 JavaThread "C1 CompilerThread0" daemon [_thread_blocked, id=13604, stack(0x15e10000,0x15e60000)]
  0x15499c00 JavaThread "JDWP Command Reader" daemon [_thread_in_native, id=6136, stack(0x15a20000,0x15a70000)]
  0x15496800 JavaThread "JDWP Event Helper Thread" daemon [_thread_blocked, id=10848, stack(0x15990000,0x159e0000)]
=>0x15492400 JavaThread "JDWP Transport Listener: dt_socket" daemon [_thread_in_vm, id=8472, stack(0x15900000,0x15950000)]
  0x15482000 JavaThread "Attach Listener" daemon [_thread_blocked, id=15340, stack(0x15870000,0x158c0000)]
  0x1548cc00 JavaThread "Signal Dispatcher" daemon [_thread_blocked, id=12384, stack(0x157e0000,0x15830000)]
  0x15479400 JavaThread "Finalizer" daemon [_thread_blocked, id=8528, stack(0x15660000,0x156b0000)]
  0x15463800 JavaThread "Reference Handler" daemon [_thread_blocked, id=10220, stack(0x02f30000,0x02f80000)]
  0x02f9c400 JavaThread "main" [_thread_in_native, id=10420, stack(0x01400000,0x01450000)]

Other Threads:
  0x02cdc400 VMThread [stack: 0x02ea0000,0x02ef0000] [id=15556]
  0x154cac00 WatcherThread [stack: 0x15f30000,0x15f80000] [id=15352]

VM state:not at safepoint (normal execution)

VM Mutex/Monitor currently owned by a thread: None

Heap:
 def new generation   total 4928K, used 1198K [0x05000000, 0x05550000, 0x0a550000)
  eden space 4416K,  27% used [0x05000000, 0x0512b8e0, 0x05450000)
  from space 512K,   0% used [0x05450000, 0x05450000, 0x054d0000)
  to   space 512K,   0% used [0x054d0000, 0x054d0000, 0x05550000)
 tenured generation   total 10944K, used 0K [0x0a550000, 0x0b000000, 0x15000000)
   the space 10944K,   0% used [0x0a550000, 0x0a550000, 0x0a550200, 0x0b000000)
 Metaspace       used 2346K, capacity 2382K, committed 2496K, reserved 4480K

Card table byte_map: [0x02db0000,0x02e40000] byte_map_base: 0x02d88000

Polling page: 0x01450000

CodeCache: size=32768Kb used=725Kb max_used=725Kb free=32042Kb
 bounds [0x02fa0000, 0x03058000, 0x04fa0000]
 total_blobs=170 nmethods=34 adapters=76
 compilation: enabled

Compilation events (10 events):
Event: 0.163 Thread 0x154a0c00   30  s          java.io.BufferedInputStream::read (49 bytes)
Event: 0.164 Thread 0x154a0c00 nmethod 30 0x03052808 code [0x03052930, 0x03052c28]
Event: 0.165 Thread 0x154a0c00   31             java.util.StringTokenizer::scanToken (179 bytes)
Event: 0.165 Thread 0x154a0c00 nmethod 31 0x03052dc8 code [0x03052f50, 0x03053378]
Event: 0.166 Thread 0x154a0c00   32             sun.net.www.ParseUtil::encodePath (336 bytes)
Event: 0.167 Thread 0x154a0c00 nmethod 32 0x03053b08 code [0x03053cb0, 0x03054388]
Event: 0.171 Thread 0x154a0c00   33             java.util.regex.Pattern::has (15 bytes)
Event: 0.171 Thread 0x154a0c00 nmethod 33 0x03054f48 code [0x03055040, 0x030550e0]
Event: 33.273 Thread 0x154a0c00   34             java.util.regex.Matcher::reset (83 bytes)
Event: 33.273 Thread 0x154a0c00 nmethod 34 0x03055148 code [0x03055250, 0x0305536c]

GC Heap History (0 events):
No events

Deoptimization events (0 events):
No events

Internal exceptions (6 events):
Event: 0.030 Thread 0x02f9c400 Exception <a 'java/lang/NoSuchMethodError': Method sun.misc.Unsafe.defineClass(Ljava/lang/String;[BII)Ljava/lang/Class; name or signature does not match> (0x05006ea8) thrown at [C:\re\workspace\8-2-build-windows-i586-cygwin\jdk8u91\6644\hotspot\src\share\vc»Âùµ9ü?
Event: 0.030 Thread 0x02f9c400 Exception <a 'java/lang/NoSuchMethodError': Method sun.misc.Unsafe.prefetchRead(Ljava/lang/Object;J)V name or signature does not match> (0x05007178) thrown at [C:\re\workspace\8-2-build-windows-i586-cygwin\jdk8u91\6644\hotspot\src\share\vm\prims\jni.cpp, l=?ß‡Óõ√?
Event: 0.153 Thread 0x02f9c400 Exception <a 'java/security/PrivilegedActionException'> (0x050aaf28) thrown at [C:\re\workspace\8-2-build-windows-i586-cygwin\jdk8u91\6644\hotspot\src\share\vm\prims\jvm.cpp, line 1386]
Event: 0.153 Thread 0x02f9c400 Exception <a 'java/security/PrivilegedActionException'> (0x050ab308) thrown at [C:\re\workspace\8-2-build-windows-i586-cygwin\jdk8u91\6644\hotspot\src\share\vm\prims\jvm.cpp, line 1386]
Event: 0.154 Thread 0x02f9c400 Exception <a 'java/security/PrivilegedActionException'> (0x050af2d0) thrown at [C:\re\workspace\8-2-build-windows-i586-cygwin\jdk8u91\6644\hotspot\src\share\vm\prims\jvm.cpp, line 1386]
Event: 0.154 Thread 0x02f9c400 Exception <a 'java/security/PrivilegedActionException'> (0x050af6b0) thrown at [C:\re\workspace\8-2-build-windows-i586-cygwin\jdk8u91\6644\hotspot\src\share\vm\prims\jvm.cpp, line 1386]

Events (10 events):
Event: 251.698 Executing VM operation: ChangeBreakpoints
Event: 251.698 Executing VM operation: ChangeBreakpoints done
Event: 420.046 Executing VM operation: RedefineClasses
Event: 420.047 Executing VM operation: RedefineClasses done
Event: 420.054 Executing VM operation: ChangeBreakpoints
Event: 420.054 Executing VM operation: ChangeBreakpoints done
Event: 420.059 Executing VM operation: ChangeBreakpoints
Event: 420.059 Executing VM operation: ChangeBreakpoints done
Event: 553.576 Executing VM operation: RedefineClasses
Event: 553.577 Executing VM operation: RedefineClasses done


Dynamic libraries:
0x00a50000 - 0x00a83000 	C:\Program Files (x86)\Java\jre1.8.0_91\bin\javaw.exe
0x77590000 - 0x7770b000 	C:\WINDOWS\SYSTEM32\ntdll.dll
0x74d50000 - 0x74e30000 	C:\WINDOWS\SYSTEM32\KERNEL32.DLL
0x74e80000 - 0x74ffe000 	C:\WINDOWS\SYSTEM32\KERNELBASE.dll
0x72ab0000 - 0x72ade000 	C:\Program Files (x86)\AVG\Av\avghookx.dll
0x74700000 - 0x7477b000 	C:\WINDOWS\SYSTEM32\ADVAPI32.dll
0x76b70000 - 0x76c2e000 	C:\WINDOWS\SYSTEM32\msvcrt.dll
0x74e30000 - 0x74e74000 	C:\WINDOWS\SYSTEM32\sechost.dll
0x75510000 - 0x755bd000 	C:\WINDOWS\SYSTEM32\RPCRT4.dll
0x742c0000 - 0x742de000 	C:\WINDOWS\SYSTEM32\SspiCli.dll
0x742b0000 - 0x742ba000 	C:\WINDOWS\SYSTEM32\CRYPTBASE.dll
0x76c30000 - 0x76c88000 	C:\WINDOWS\SYSTEM32\bcryptPrimitives.dll
0x74bd0000 - 0x74d17000 	C:\WINDOWS\SYSTEM32\USER32.dll
0x74780000 - 0x748cf000 	C:\WINDOWS\SYSTEM32\GDI32.dll
0x70a60000 - 0x70c6f000 	C:\WINDOWS\WinSxS\x86_microsoft.windows.common-controls_6595b64144ccf1df_6.0.10586.0_none_d3c2e4e965da4528\COMCTL32.dll
0x74540000 - 0x746fd000 	C:\WINDOWS\SYSTEM32\combase.dll
0x74d20000 - 0x74d4b000 	C:\WINDOWS\SYSTEM32\IMM32.DLL
0x56db0000 - 0x56e6f000 	C:\Program Files (x86)\Java\jre1.8.0_91\bin\msvcr100.dll
0x57aa0000 - 0x57e6a000 	C:\Program Files (x86)\Java\jre1.8.0_91\bin\client\jvm.dll
0x76f00000 - 0x76f06000 	C:\WINDOWS\SYSTEM32\PSAPI.DLL
0x70220000 - 0x70228000 	C:\WINDOWS\SYSTEM32\WSOCK32.dll
0x74920000 - 0x7497f000 	C:\WINDOWS\SYSTEM32\WS2_32.dll
0x74030000 - 0x74054000 	C:\WINDOWS\SYSTEM32\WINMM.dll
0x742a0000 - 0x742a8000 	C:\WINDOWS\SYSTEM32\VERSION.dll
0x74000000 - 0x74023000 	C:\WINDOWS\SYSTEM32\WINMMBASE.dll
0x77550000 - 0x77587000 	C:\WINDOWS\SYSTEM32\cfgmgr32.dll
0x57a90000 - 0x57a9c000 	C:\Program Files (x86)\Java\jre1.8.0_91\bin\verify.dll
0x57a60000 - 0x57a81000 	C:\Program Files (x86)\Java\jre1.8.0_91\bin\java.dll
0x71480000 - 0x714a9000 	C:\Program Files (x86)\Java\jre1.8.0_91\bin\jdwp.dll
0x71470000 - 0x71477000 	C:\Program Files (x86)\Java\jre1.8.0_91\bin\npt.dll
0x57a40000 - 0x57a53000 	C:\Program Files (x86)\Java\jre1.8.0_91\bin\zip.dll
0x755c0000 - 0x769be000 	C:\WINDOWS\SYSTEM32\SHELL32.dll
0x75000000 - 0x754fa000 	C:\WINDOWS\SYSTEM32\windows.storage.dll
0x742e0000 - 0x74325000 	C:\WINDOWS\SYSTEM32\shlwapi.dll
0x769c0000 - 0x769cc000 	C:\WINDOWS\SYSTEM32\kernel.appcore.dll
0x76c90000 - 0x76d1d000 	C:\WINDOWS\SYSTEM32\shcore.dll
0x748d0000 - 0x74914000 	C:\WINDOWS\SYSTEM32\powrprof.dll
0x77540000 - 0x7754f000 	C:\WINDOWS\SYSTEM32\profapi.dll
0x71460000 - 0x71468000 	C:\Program Files (x86)\Java\jre1.8.0_91\bin\dt_socket.dll
0x72ae0000 - 0x72af2000 	C:\WINDOWS\system32\napinsp.dll
0x72890000 - 0x728a6000 	C:\WINDOWS\system32\pnrpnsp.dll
0x72870000 - 0x72884000 	C:\WINDOWS\system32\NLAapi.dll
0x72a60000 - 0x72aaf000 	C:\WINDOWS\System32\mswsock.dll
0x70ff0000 - 0x71074000 	C:\WINDOWS\SYSTEM32\DNSAPI.dll
0x769d0000 - 0x769d7000 	C:\WINDOWS\SYSTEM32\NSI.dll
0x731f0000 - 0x731fb000 	C:\WINDOWS\System32\winrnr.dll
0x70fb0000 - 0x70fd1000 	C:\Program Files (x86)\Bonjour\mdnsNSP.dll
0x70f80000 - 0x70faf000 	C:\WINDOWS\SYSTEM32\Iphlpapi.DLL
0x72850000 - 0x72861000 	C:\WINDOWS\System32\wshbth.dll
0x70f10000 - 0x70f57000 	C:\WINDOWS\System32\fwpuclnt.dll
0x73eb0000 - 0x73ecb000 	C:\WINDOWS\SYSTEM32\bcrypt.dll
0x70ee0000 - 0x70ee8000 	C:\Windows\System32\rasadhlp.dll
0x70520000 - 0x7065f000 	C:\WINDOWS\SYSTEM32\dbghelp.dll

VM Arguments:
jvm_args: -agentlib:jdwp=transport=dt_socket,suspend=y,address=localhost:61486 -Dfile.encoding=Cp1252 
java_command: ma222jp.EmployeeApp
java_class_path (initial): C:\Users\Molly\Documents\Javakurs\Egna projekt\Universitetet\Steg4\1DV432_Steg4_lab06\bin
Launcher Type: SUN_STANDARD

Environment Variables:
JAVA_HOME=C:\Program Files (x86)\Java\jdk1.7.0_80
CLASSPATH=.;C:\javaclasses
PATH=C:/Program Files (x86)/Java/jre1.8.0_91/bin/client;C:/Program Files (x86)/Java/jre1.8.0_91/bin;C:/Program Files (x86)/Java/jre1.8.0_91/lib/i386;C:\ProgramData\Oracle\Java\javapath;C:\Program Files (x86)\Java\jdk1.8.0_77\bin;C:\Program Files (x86)\Intel\iCLS Client\;C:\Program Files\Intel\iCLS Client\;C:\WINDOWS\system32;C:\WINDOWS;C:\WINDOWS\System32\Wbem;C:\WINDOWS\System32\WindowsPowerShell\v1.0\;C:\Program Files\Hewlett-Packard\SimplePass\;C:\Program Files (x86)\Windows Live\Shared;C:\Program Files\Intel\Intel(R) Management Engine Components\DAL;C:\Program Files\Intel\Intel(R) Management Engine Components\IPT;C:\Program Files (x86)\Intel\Intel(R) Management Engine Components\DAL;C:\Program Files (x86)\Intel\Intel(R) Management Engine Components\IPT;C:\Users\Molly\Downloads\eclipse igen\eclipse;
USERNAME=Molly
OS=Windows_NT
PROCESSOR_IDENTIFIER=Intel64 Family 6 Model 58 Stepping 9, GenuineIntel



---------------  S Y S T E M  ---------------

OS: Windows 10.0 , 64 bit Build 10586 (10.0.10586.0)

CPU:total 4 (2 cores per cpu, 2 threads per core) family 6 model 58 stepping 9, cmov, cx8, fxsr, mmx, sse, sse2, sse3, ssse3, sse4.1, sse4.2, popcnt, avx, aes, clmul, erms, ht, tsc, tscinvbit, tscinv

Memory: 4k page, physical 8278296k(5569124k free), swap 9589016k(6682612k free)

vm_info: Java HotSpot(TM) Client VM (25.91-b14) for windows-x86 JRE (1.8.0_91-b14), built on Apr  1 2016 01:01:28 by "java_re" with MS VC++ 10.0 (VS2010)

time: Sat Jul 09 12:11:40 2016
elapsed time: 553 seconds (0d 0h 9m 13s)

